CRITICAL - 2023-01-26 10:55:49 --> count() expects at least 1 argument, 0 given
in APPPATH/Views/user/list.php on line 38.
 1 APPPATH/Views/user/list.php(38): count()
 2 SYSTEMPATH/View/View.php(213): include('APPPATH/Views/user/list.php')
 3 SYSTEMPATH/View/View.php(216): CodeIgniter\View\View->CodeIgniter\View\{closure}()
 4 SYSTEMPATH/Common.php(1177): CodeIgniter\View\View->render('user/list', [], true)
 5 APPPATH/Controllers/BaseController.php(63): view('user/list', [...])
 6 APPPATH/Controllers/User.php(35): App\Controllers\BaseController->template('user/list', [...])
 7 SYSTEMPATH/CodeIgniter.php(934): App\Controllers\User->index()
 8 SYSTEMPATH/CodeIgniter.php(499): CodeIgniter\CodeIgniter->runController(Object(App\Controllers\User))
 9 SYSTEMPATH/CodeIgniter.php(368): CodeIgniter\CodeIgniter->handleRequest(null, Object(Config\Cache), false)
10 FCPATH/index.php(67): CodeIgniter\CodeIgniter->run()
CRITICAL - 2023-01-26 10:56:55 --> count(): Argument #1 ($value) must be of type Countable|array, null given
in APPPATH/Views/user/list.php on line 38.
 1 SYSTEMPATH/View/View.php(213): include()
 2 SYSTEMPATH/View/View.php(216): CodeIgniter\View\View->CodeIgniter\View\{closure}()
 3 SYSTEMPATH/Common.php(1177): CodeIgniter\View\View->render('user/list', [], true)
 4 APPPATH/Controllers/BaseController.php(63): view('user/list', [...])
 5 APPPATH/Controllers/User.php(35): App\Controllers\BaseController->template('user/list', [...])
 6 SYSTEMPATH/CodeIgniter.php(934): App\Controllers\User->index()
 7 SYSTEMPATH/CodeIgniter.php(499): CodeIgniter\CodeIgniter->runController(Object(App\Controllers\User))
 8 SYSTEMPATH/CodeIgniter.php(368): CodeIgniter\CodeIgniter->handleRequest(null, Object(Config\Cache), false)
 9 FCPATH/index.php(67): CodeIgniter\CodeIgniter->run()
CRITICAL - 2023-01-26 10:56:56 --> count(): Argument #1 ($value) must be of type Countable|array, null given
in APPPATH/Views/user/list.php on line 38.
 1 SYSTEMPATH/View/View.php(213): include()
 2 SYSTEMPATH/View/View.php(216): CodeIgniter\View\View->CodeIgniter\View\{closure}()
 3 SYSTEMPATH/Common.php(1177): CodeIgniter\View\View->render('user/list', [], true)
 4 APPPATH/Controllers/BaseController.php(63): view('user/list', [...])
 5 APPPATH/Controllers/User.php(35): App\Controllers\BaseController->template('user/list', [...])
 6 SYSTEMPATH/CodeIgniter.php(934): App\Controllers\User->index()
 7 SYSTEMPATH/CodeIgniter.php(499): CodeIgniter\CodeIgniter->runController(Object(App\Controllers\User))
 8 SYSTEMPATH/CodeIgniter.php(368): CodeIgniter\CodeIgniter->handleRequest(null, Object(Config\Cache), false)
 9 FCPATH/index.php(67): CodeIgniter\CodeIgniter->run()
CRITICAL - 2023-01-26 13:13:50 --> count(): Argument #1 ($value) must be of type Countable|array, null given
in APPPATH/Views/user/list.php on line 38.
 1 SYSTEMPATH/View/View.php(213): include()
 2 SYSTEMPATH/View/View.php(216): CodeIgniter\View\View->CodeIgniter\View\{closure}()
 3 SYSTEMPATH/Common.php(1177): CodeIgniter\View\View->render('user/list', [], true)
 4 APPPATH/Controllers/BaseController.php(63): view('user/list', [...])
 5 APPPATH/Controllers/User.php(35): App\Controllers\BaseController->template('user/list', [...])
 6 SYSTEMPATH/CodeIgniter.php(934): App\Controllers\User->index()
 7 SYSTEMPATH/CodeIgniter.php(499): CodeIgniter\CodeIgniter->runController(Object(App\Controllers\User))
 8 SYSTEMPATH/CodeIgniter.php(368): CodeIgniter\CodeIgniter->handleRequest(null, Object(Config\Cache), false)
 9 FCPATH/index.php(67): CodeIgniter\CodeIgniter->run()
CRITICAL - 2023-01-26 13:19:59 --> Undefined array key 3
in APPPATH/Views/user/list.php on line 39.
 1 APPPATH/Views/user/list.php(39): CodeIgniter\Debug\Exceptions->errorHandler(2, 'Undefined array key 3', 'APPPATH/Views/user/list.php', 39)
 2 SYSTEMPATH/View/View.php(213): include('APPPATH/Views/user/list.php')
 3 SYSTEMPATH/View/View.php(216): CodeIgniter\View\View->CodeIgniter\View\{closure}()
 4 SYSTEMPATH/Common.php(1177): CodeIgniter\View\View->render('user/list', [], true)
 5 APPPATH/Controllers/BaseController.php(63): view('user/list', [...])
 6 APPPATH/Controllers/User.php(35): App\Controllers\BaseController->template('user/list', [...])
 7 SYSTEMPATH/CodeIgniter.php(934): App\Controllers\User->index()
 8 SYSTEMPATH/CodeIgniter.php(499): CodeIgniter\CodeIgniter->runController(Object(App\Controllers\User))
 9 SYSTEMPATH/CodeIgniter.php(368): CodeIgniter\CodeIgniter->handleRequest(null, Object(Config\Cache), false)
10 FCPATH/index.php(67): CodeIgniter\CodeIgniter->run()
CRITICAL - 2023-01-26 13:20:27 --> Undefined array key 3
in APPPATH/Views/user/list.php on line 39.
 1 APPPATH/Views/user/list.php(39): CodeIgniter\Debug\Exceptions->errorHandler(2, 'Undefined array key 3', 'APPPATH/Views/user/list.php', 39)
 2 SYSTEMPATH/View/View.php(213): include('APPPATH/Views/user/list.php')
 3 SYSTEMPATH/View/View.php(216): CodeIgniter\View\View->CodeIgniter\View\{closure}()
 4 SYSTEMPATH/Common.php(1177): CodeIgniter\View\View->render('user/list', [], true)
 5 APPPATH/Controllers/BaseController.php(63): view('user/list', [...])
 6 APPPATH/Controllers/User.php(35): App\Controllers\BaseController->template('user/list', [...])
 7 SYSTEMPATH/CodeIgniter.php(934): App\Controllers\User->index()
 8 SYSTEMPATH/CodeIgniter.php(499): CodeIgniter\CodeIgniter->runController(Object(App\Controllers\User))
 9 SYSTEMPATH/CodeIgniter.php(368): CodeIgniter\CodeIgniter->handleRequest(null, Object(Config\Cache), false)
10 FCPATH/index.php(67): CodeIgniter\CodeIgniter->run()
CRITICAL - 2023-01-26 13:20:44 --> Undefined array key 3
in APPPATH/Views/user/list.php on line 39.
 1 APPPATH/Views/user/list.php(39): CodeIgniter\Debug\Exceptions->errorHandler(2, 'Undefined array key 3', 'APPPATH/Views/user/list.php', 39)
 2 SYSTEMPATH/View/View.php(213): include('APPPATH/Views/user/list.php')
 3 SYSTEMPATH/View/View.php(216): CodeIgniter\View\View->CodeIgniter\View\{closure}()
 4 SYSTEMPATH/Common.php(1177): CodeIgniter\View\View->render('user/list', [], true)
 5 APPPATH/Controllers/BaseController.php(63): view('user/list', [...])
 6 APPPATH/Controllers/User.php(35): App\Controllers\BaseController->template('user/list', [...])
 7 SYSTEMPATH/CodeIgniter.php(934): App\Controllers\User->index()
 8 SYSTEMPATH/CodeIgniter.php(499): CodeIgniter\CodeIgniter->runController(Object(App\Controllers\User))
 9 SYSTEMPATH/CodeIgniter.php(368): CodeIgniter\CodeIgniter->handleRequest(null, Object(Config\Cache), false)
10 FCPATH/index.php(67): CodeIgniter\CodeIgniter->run()
CRITICAL - 2023-01-26 13:28:22 --> syntax error, unexpected token "}", expecting "," or ";"
in APPPATH/Views/user/list.php on line 40.
 1 SYSTEMPATH/View/View.php(216): CodeIgniter\View\View->CodeIgniter\View\{closure}()
 2 SYSTEMPATH/Common.php(1177): CodeIgniter\View\View->render('user/list', [], true)
 3 APPPATH/Controllers/BaseController.php(63): view('user/list', [...])
 4 APPPATH/Controllers/User.php(35): App\Controllers\BaseController->template('user/list', [...])
 5 SYSTEMPATH/CodeIgniter.php(934): App\Controllers\User->index()
 6 SYSTEMPATH/CodeIgniter.php(499): CodeIgniter\CodeIgniter->runController(Object(App\Controllers\User))
 7 SYSTEMPATH/CodeIgniter.php(368): CodeIgniter\CodeIgniter->handleRequest(null, Object(Config\Cache), false)
 8 FCPATH/index.php(67): CodeIgniter\CodeIgniter->run()
CRITICAL - 2023-01-26 14:57:01 --> Undefined property: stdClass::$lastLogin
in APPPATH/Views/loan/list.php on line 59.
 1 APPPATH/Views/loan/list.php(59): CodeIgniter\Debug\Exceptions->errorHandler(2, 'Undefined property: stdClass::$lastLogin', 'APPPATH/Views/loan/list.php', 59)
 2 SYSTEMPATH/View/View.php(213): include('APPPATH/Views/loan/list.php')
 3 SYSTEMPATH/View/View.php(216): CodeIgniter\View\View->CodeIgniter\View\{closure}()
 4 SYSTEMPATH/Common.php(1177): CodeIgniter\View\View->render('loan/list', [], true)
 5 APPPATH/Controllers/BaseController.php(63): view('loan/list', [...])
 6 APPPATH/Controllers/Loan.php(35): App\Controllers\BaseController->template('loan/list', [...])
 7 SYSTEMPATH/CodeIgniter.php(934): App\Controllers\Loan->index()
 8 SYSTEMPATH/CodeIgniter.php(499): CodeIgniter\CodeIgniter->runController(Object(App\Controllers\Loan))
 9 SYSTEMPATH/CodeIgniter.php(368): CodeIgniter\CodeIgniter->handleRequest(null, Object(Config\Cache), false)
10 FCPATH/index.php(67): CodeIgniter\CodeIgniter->run()
CRITICAL - 2023-01-26 14:57:23 --> Undefined property: stdClass::$lastLogin
in APPPATH/Views/loan/list.php on line 59.
 1 APPPATH/Views/loan/list.php(59): CodeIgniter\Debug\Exceptions->errorHandler(2, 'Undefined property: stdClass::$lastLogin', 'APPPATH/Views/loan/list.php', 59)
 2 SYSTEMPATH/View/View.php(213): include('APPPATH/Views/loan/list.php')
 3 SYSTEMPATH/View/View.php(216): CodeIgniter\View\View->CodeIgniter\View\{closure}()
 4 SYSTEMPATH/Common.php(1177): CodeIgniter\View\View->render('loan/list', [], true)
 5 APPPATH/Controllers/BaseController.php(63): view('loan/list', [...])
 6 APPPATH/Controllers/Loan.php(35): App\Controllers\BaseController->template('loan/list', [...])
 7 SYSTEMPATH/CodeIgniter.php(934): App\Controllers\Loan->index()
 8 SYSTEMPATH/CodeIgniter.php(499): CodeIgniter\CodeIgniter->runController(Object(App\Controllers\Loan))
 9 SYSTEMPATH/CodeIgniter.php(368): CodeIgniter\CodeIgniter->handleRequest(null, Object(Config\Cache), false)
10 FCPATH/index.php(67): CodeIgniter\CodeIgniter->run()
CRITICAL - 2023-01-26 14:57:25 --> Undefined property: stdClass::$lastLogin
in APPPATH/Views/loan/list.php on line 59.
 1 APPPATH/Views/loan/list.php(59): CodeIgniter\Debug\Exceptions->errorHandler(2, 'Undefined property: stdClass::$lastLogin', 'APPPATH/Views/loan/list.php', 59)
 2 SYSTEMPATH/View/View.php(213): include('APPPATH/Views/loan/list.php')
 3 SYSTEMPATH/View/View.php(216): CodeIgniter\View\View->CodeIgniter\View\{closure}()
 4 SYSTEMPATH/Common.php(1177): CodeIgniter\View\View->render('loan/list', [], true)
 5 APPPATH/Controllers/BaseController.php(63): view('loan/list', [...])
 6 APPPATH/Controllers/Loan.php(35): App\Controllers\BaseController->template('loan/list', [...])
 7 SYSTEMPATH/CodeIgniter.php(934): App\Controllers\Loan->index()
 8 SYSTEMPATH/CodeIgniter.php(499): CodeIgniter\CodeIgniter->runController(Object(App\Controllers\Loan))
 9 SYSTEMPATH/CodeIgniter.php(368): CodeIgniter\CodeIgniter->handleRequest(null, Object(Config\Cache), false)
10 FCPATH/index.php(67): CodeIgniter\CodeIgniter->run()
CRITICAL - 2023-01-26 21:17:56 --> Call to undefined method App\Controllers\Transaction::initialize()
in APPPATH/Controllers/Token.php on line 16.
 1 SYSTEMPATH/CodeIgniter.php(934): App\Controllers\Token->create()
 2 SYSTEMPATH/CodeIgniter.php(499): CodeIgniter\CodeIgniter->runController(Object(App\Controllers\Token))
 3 SYSTEMPATH/CodeIgniter.php(368): CodeIgniter\CodeIgniter->handleRequest(null, Object(Config\Cache), false)
 4 FCPATH/index.php(67): CodeIgniter\CodeIgniter->run()
CRITICAL - 2023-01-26 21:27:19 --> Call to undefined method App\Controllers\Transaction::initialize()
in APPPATH/Controllers/Token.php on line 16.
 1 SYSTEMPATH/CodeIgniter.php(934): App\Controllers\Token->create()
 2 SYSTEMPATH/CodeIgniter.php(499): CodeIgniter\CodeIgniter->runController(Object(App\Controllers\Token))
 3 SYSTEMPATH/CodeIgniter.php(368): CodeIgniter\CodeIgniter->handleRequest(null, Object(Config\Cache), false)
 4 FCPATH/index.php(67): CodeIgniter\CodeIgniter->run()
CRITICAL - 2023-01-26 21:27:20 --> Call to undefined method App\Controllers\Transaction::initialize()
in APPPATH/Controllers/Token.php on line 16.
 1 SYSTEMPATH/CodeIgniter.php(934): App\Controllers\Token->create()
 2 SYSTEMPATH/CodeIgniter.php(499): CodeIgniter\CodeIgniter->runController(Object(App\Controllers\Token))
 3 SYSTEMPATH/CodeIgniter.php(368): CodeIgniter\CodeIgniter->handleRequest(null, Object(Config\Cache), false)
 4 FCPATH/index.php(67): CodeIgniter\CodeIgniter->run()
CRITICAL - 2023-01-26 21:27:21 --> Call to undefined method App\Controllers\Transaction::initialize()
in APPPATH/Controllers/Token.php on line 16.
 1 SYSTEMPATH/CodeIgniter.php(934): App\Controllers\Token->create()
 2 SYSTEMPATH/CodeIgniter.php(499): CodeIgniter\CodeIgniter->runController(Object(App\Controllers\Token))
 3 SYSTEMPATH/CodeIgniter.php(368): CodeIgniter\CodeIgniter->handleRequest(null, Object(Config\Cache), false)
 4 FCPATH/index.php(67): CodeIgniter\CodeIgniter->run()
CRITICAL - 2023-01-26 21:27:22 --> Call to undefined method App\Controllers\Transaction::initialize()
in APPPATH/Controllers/Token.php on line 16.
 1 SYSTEMPATH/CodeIgniter.php(934): App\Controllers\Token->create()
 2 SYSTEMPATH/CodeIgniter.php(499): CodeIgniter\CodeIgniter->runController(Object(App\Controllers\Token))
 3 SYSTEMPATH/CodeIgniter.php(368): CodeIgniter\CodeIgniter->handleRequest(null, Object(Config\Cache), false)
 4 FCPATH/index.php(67): CodeIgniter\CodeIgniter->run()
CRITICAL - 2023-01-26 21:27:28 --> Call to undefined method App\Controllers\Transaction::initialize()
in APPPATH/Controllers/Token.php on line 16.
 1 SYSTEMPATH/CodeIgniter.php(934): App\Controllers\Token->create()
 2 SYSTEMPATH/CodeIgniter.php(499): CodeIgniter\CodeIgniter->runController(Object(App\Controllers\Token))
 3 SYSTEMPATH/CodeIgniter.php(368): CodeIgniter\CodeIgniter->handleRequest(null, Object(Config\Cache), false)
 4 FCPATH/index.php(67): CodeIgniter\CodeIgniter->run()
CRITICAL - 2023-01-26 21:57:49 --> Cannot use object of type stdClass as array
in APPPATH/Controllers/Token.php on line 44.
 1 SYSTEMPATH/CodeIgniter.php(934): App\Controllers\Token->create()
 2 SYSTEMPATH/CodeIgniter.php(499): CodeIgniter\CodeIgniter->runController(Object(App\Controllers\Token))
 3 SYSTEMPATH/CodeIgniter.php(368): CodeIgniter\CodeIgniter->handleRequest(null, Object(Config\Cache), false)
 4 FCPATH/index.php(67): CodeIgniter\CodeIgniter->run()
CRITICAL - 2023-01-26 22:03:25 --> view(): Argument #2 ($data) must be of type array, stdClass given, called in /Applications/MAMP/htdocs/fetch-ui/app/Controllers/Token.php on line 48
in SYSTEMPATH/Common.php on line 1163.
 1 APPPATH/Controllers/Token.php(48): view('token/create', Object(stdClass))
 2 SYSTEMPATH/CodeIgniter.php(934): App\Controllers\Token->create()
 3 SYSTEMPATH/CodeIgniter.php(499): CodeIgniter\CodeIgniter->runController(Object(App\Controllers\Token))
 4 SYSTEMPATH/CodeIgniter.php(368): CodeIgniter\CodeIgniter->handleRequest(null, Object(Config\Cache), false)
 5 FCPATH/index.php(67): CodeIgniter\CodeIgniter->run()
CRITICAL - 2023-01-26 22:04:38 --> view(): Argument #2 ($data) must be of type array, string given, called in /Applications/MAMP/htdocs/fetch-ui/app/Controllers/Token.php on line 49
in SYSTEMPATH/Common.php on line 1163.
 1 APPPATH/Controllers/Token.php(49): view('token/create', 'https://checkout.paystack.com/mk8cavvzxyib3a8')
 2 SYSTEMPATH/CodeIgniter.php(934): App\Controllers\Token->create()
 3 SYSTEMPATH/CodeIgniter.php(499): CodeIgniter\CodeIgniter->runController(Object(App\Controllers\Token))
 4 SYSTEMPATH/CodeIgniter.php(368): CodeIgniter\CodeIgniter->handleRequest(null, Object(Config\Cache), false)
 5 FCPATH/index.php(67): CodeIgniter\CodeIgniter->run()
CRITICAL - 2023-01-26 22:04:44 --> view(): Argument #2 ($data) must be of type array, string given, called in /Applications/MAMP/htdocs/fetch-ui/app/Controllers/Token.php on line 49
in SYSTEMPATH/Common.php on line 1163.
 1 APPPATH/Controllers/Token.php(49): view('token/create', 'https://checkout.paystack.com/gt2i7f90d3yds1w')
 2 SYSTEMPATH/CodeIgniter.php(934): App\Controllers\Token->create()
 3 SYSTEMPATH/CodeIgniter.php(499): CodeIgniter\CodeIgniter->runController(Object(App\Controllers\Token))
 4 SYSTEMPATH/CodeIgniter.php(368): CodeIgniter\CodeIgniter->handleRequest(null, Object(Config\Cache), false)
 5 FCPATH/index.php(67): CodeIgniter\CodeIgniter->run()
